No build script found.

added 1 package in 1s

1 package is looking for funding
  run `npm fund` for details
npm notice 
npm notice New minor version of npm available! 9.6.3 -> 9.8.0
npm notice Changelog: <https://github.com/npm/cli/releases/tag/v9.8.0>
npm notice Run `npm install -g npm@9.8.0` to update!
npm notice 
Initializing database at /opt/src/npm/chalk/5.3.0/tool-codeql-db-installed.
Running build command: []
[2023-07-11 12:30:34] [build-stdout] Parallel extraction with 4 threads.
[2023-07-11 12:30:35] [build-stdout] Found Node.js at: node
[2023-07-11 12:30:35] [build-stdout] Found Node.js version: v19.9.0
[2023-07-11 12:30:35] [build-stdout] Memory for TypeScript process: 2000 MB, and 400 MB reserve
[2023-07-11 12:30:35] [build-stdout] Extracting /opt/src/npm/chalk/5.3.0/installed/node_modules/chalk/source/vendor/ansi-styles/index.d.ts
[2023-07-11 12:30:35] [build-stdout] Done extracting /opt/src/npm/chalk/5.3.0/installed/node_modules/chalk/source/vendor/ansi-styles/index.d.ts (383 ms)
[2023-07-11 12:30:35] [build-stdout] Extracting /opt/src/npm/chalk/5.3.0/installed/node_modules/chalk/source/vendor/supports-color/browser.d.ts
[2023-07-11 12:30:35] [build-stdout] Done extracting /opt/src/npm/chalk/5.3.0/installed/node_modules/chalk/source/vendor/supports-color/browser.d.ts (15 ms)
[2023-07-11 12:30:35] [build-stdout] Extracting /opt/src/npm/chalk/5.3.0/installed/node_modules/chalk/source/vendor/supports-color/index.d.ts
[2023-07-11 12:30:35] [build-stdout] Done extracting /opt/src/npm/chalk/5.3.0/installed/node_modules/chalk/source/vendor/supports-color/index.d.ts (32 ms)
[2023-07-11 12:30:35] [build-stdout] Extracting /opt/src/npm/chalk/5.3.0/installed/node_modules/chalk/source/index.d.ts
[2023-07-11 12:30:36] [build-stdout] Done extracting /opt/src/npm/chalk/5.3.0/installed/node_modules/chalk/source/index.d.ts (89 ms)
[2023-07-11 12:30:36] [build-stdout] Extracting /opt/src/npm/chalk/5.3.0/installed/node_modules/chalk/source/vendor/ansi-styles/index.js
[2023-07-11 12:30:36] [build-stdout] Extracting /opt/src/npm/chalk/5.3.0/installed/node_modules/chalk/source/vendor/supports-color/index.js
[2023-07-11 12:30:36] [build-stdout] Extracting /opt/src/npm/chalk/5.3.0/installed/node_modules/chalk/source/vendor/supports-color/browser.js
[2023-07-11 12:30:36] [build-stdout] Extracting /opt/src/npm/chalk/5.3.0/installed/node_modules/chalk/source/index.js
[2023-07-11 12:30:36] [build-stdout] Done extracting /opt/src/npm/chalk/5.3.0/installed/node_modules/chalk/source/vendor/supports-color/browser.js (135 ms)
[2023-07-11 12:30:36] [build-stdout] Extracting /opt/src/npm/chalk/5.3.0/installed/node_modules/chalk/source/utilities.js
[2023-07-11 12:30:36] [build-stdout] Done extracting /opt/src/npm/chalk/5.3.0/installed/node_modules/chalk/source/utilities.js (52 ms)
[2023-07-11 12:30:36] [build-stdout] Extracting /opt/src/npm/chalk/5.3.0/installed/node_modules/chalk/package.json
[2023-07-11 12:30:36] [build-stdout] Done extracting /opt/src/npm/chalk/5.3.0/installed/node_modules/chalk/package.json (26 ms)
[2023-07-11 12:30:36] [build-stdout] Extracting /opt/src/npm/chalk/5.3.0/installed/node_modules/.package-lock.json
[2023-07-11 12:30:36] [build-stdout] Done extracting /opt/src/npm/chalk/5.3.0/installed/node_modules/.package-lock.json (7 ms)
[2023-07-11 12:30:36] [build-stdout] Extracting /opt/src/npm/chalk/5.3.0/installed/package-lock.json
[2023-07-11 12:30:36] [build-stdout] Done extracting /opt/src/npm/chalk/5.3.0/installed/package-lock.json (4 ms)
[2023-07-11 12:30:36] [build-stdout] Extracting /opt/src/npm/chalk/5.3.0/installed/package.json
[2023-07-11 12:30:36] [build-stdout] Done extracting /opt/src/npm/chalk/5.3.0/installed/package.json (7 ms)
[2023-07-11 12:30:36] [build-stdout] Done extracting /opt/src/npm/chalk/5.3.0/installed/node_modules/chalk/source/vendor/supports-color/index.js (358 ms)
[2023-07-11 12:30:36] [build-stdout] Done extracting /opt/src/npm/chalk/5.3.0/installed/node_modules/chalk/source/vendor/ansi-styles/index.js (398 ms)
[2023-07-11 12:30:36] [build-stdout] Done extracting /opt/src/npm/chalk/5.3.0/installed/node_modules/chalk/source/index.js (387 ms)
[2023-07-11 12:30:36] [build-stderr] No externs trap cache found
[2023-07-11 12:30:36] [build-stdout] Extracting /opt/codeql/javascript/tools/data/externs/web/w3c_css3d.js
[2023-07-11 12:30:36] [build-stdout] Extracting /opt/codeql/javascript/tools/data/externs/web/flash.js
[2023-07-11 12:30:36] [build-stdout] Extracting /opt/codeql/javascript/tools/data/externs/web/gecko_dom.js
[2023-07-11 12:30:36] [build-stdout] Extracting /opt/codeql/javascript/tools/data/externs/web/streamsapi.js
[2023-07-11 12:30:36] [build-stdout] Done extracting /opt/codeql/javascript/tools/data/externs/web/flash.js (197 ms)
[2023-07-11 12:30:36] [build-stdout] Extracting /opt/codeql/javascript/tools/data/externs/web/chrome.js
[2023-07-11 12:30:36] [build-stdout] Done extracting /opt/codeql/javascript/tools/data/externs/web/w3c_css3d.js (208 ms)
[2023-07-11 12:30:36] [build-stdout] Extracting /opt/codeql/javascript/tools/data/externs/web/webkit_notifications.js
[2023-07-11 12:30:36] [build-stdout] Done extracting /opt/codeql/javascript/tools/data/externs/web/streamsapi.js (286 ms)
[2023-07-11 12:30:36] [build-stdout] Extracting /opt/codeql/javascript/tools/data/externs/web/whatwg_encoding.js
[2023-07-11 12:30:36] [build-stdout] Done extracting /opt/codeql/javascript/tools/data/externs/web/webkit_notifications.js (90 ms)
[2023-07-11 12:30:36] [build-stdout] Extracting /opt/codeql/javascript/tools/data/externs/web/w3c_selectors.js
[2023-07-11 12:30:36] [build-stdout] Done extracting /opt/codeql/javascript/tools/data/externs/web/whatwg_encoding.js (37 ms)
[2023-07-11 12:30:36] [build-stdout] Extracting /opt/codeql/javascript/tools/data/externs/web/w3c_screen_orientation.js
[2023-07-11 12:30:36] [build-stdout] Done extracting /opt/codeql/javascript/tools/data/externs/web/w3c_screen_orientation.js (20 ms)
[2023-07-11 12:30:36] [build-stdout] Done extracting /opt/codeql/javascript/tools/data/externs/web/w3c_selectors.js (45 ms)
[2023-07-11 12:30:36] [build-stdout] Extracting /opt/codeql/javascript/tools/data/externs/web/ie_css.js
[2023-07-11 12:30:36] [build-stdout] Extracting /opt/codeql/javascript/tools/data/externs/web/w3c_range.js
[2023-07-11 12:30:36] [build-stdout] Done extracting /opt/codeql/javascript/tools/data/externs/web/gecko_dom.js (429 ms)
[2023-07-11 12:30:36] [build-stdout] Extracting /opt/codeql/javascript/tools/data/externs/web/fileapi.js
[2023-07-11 12:30:36] [build-stdout] Done extracting /opt/codeql/javascript/tools/data/externs/web/chrome.js (254 ms)
[2023-07-11 12:30:36] [build-stdout] Extracting /opt/codeql/javascript/tools/data/externs/web/w3c_rtc.js
[2023-07-11 12:30:36] [build-stdout] Done extracting /opt/codeql/javascript/tools/data/externs/web/ie_css.js (108 ms)
[2023-07-11 12:30:36] [build-stdout] Extracting /opt/codeql/javascript/tools/data/externs/web/w3c_touch_event.js
[2023-07-11 12:30:36] [build-stdout] Done extracting /opt/codeql/javascript/tools/data/externs/web/w3c_range.js (110 ms)
[2023-07-11 12:30:36] [build-stdout] Extracting /opt/codeql/javascript/tools/data/externs/web/page_visibility.js
[2023-07-11 12:30:37] [build-stdout] Done extracting /opt/codeql/javascript/tools/data/externs/web/page_visibility.js (8 ms)
[2023-07-11 12:30:37] [build-stdout] Extracting /opt/codeql/javascript/tools/data/externs/web/w3c_dom3.js
[2023-07-11 12:30:37] [build-stdout] Done extracting /opt/codeql/javascript/tools/data/externs/web/w3c_touch_event.js (49 ms)
[2023-07-11 12:30:37] [build-stdout] Extracting /opt/codeql/javascript/tools/data/externs/web/ie_dom.js
[2023-07-11 12:30:37] [build-stdout] Done extracting /opt/codeql/javascript/tools/data/externs/web/fileapi.js (285 ms)
[2023-07-11 12:30:37] [build-stdout] Extracting /opt/codeql/javascript/tools/data/externs/web/gecko_ext.js
[2023-07-11 12:30:37] [build-stdout] Done extracting /opt/codeql/javascript/tools/data/externs/web/gecko_ext.js (3 ms)
[2023-07-11 12:30:37] [build-stdout] Extracting /opt/codeql/javascript/tools/data/externs/web/w3c_elementtraversal.js
[2023-07-11 12:30:37] [build-stdout] Done extracting /opt/codeql/javascript/tools/data/externs/web/w3c_elementtraversal.js (37 ms)
[2023-07-11 12:30:37] [build-stdout] Extracting /opt/codeql/javascript/tools/data/externs/web/webkit_usercontent.js
[2023-07-11 12:30:37] [build-stdout] Done extracting /opt/codeql/javascript/tools/data/externs/web/w3c_dom3.js (253 ms)
[2023-07-11 12:30:37] [build-stdout] Extracting /opt/codeql/javascript/tools/data/externs/web/gecko_event.js
[2023-07-11 12:30:37] [build-stdout] Done extracting /opt/codeql/javascript/tools/data/externs/web/webkit_usercontent.js (28 ms)
[2023-07-11 12:30:37] [build-stdout] Extracting /opt/codeql/javascript/tools/data/externs/web/gecko_css.js
[2023-07-11 12:30:37] [build-stdout] Done extracting /opt/codeql/javascript/tools/data/externs/web/gecko_event.js (44 ms)
[2023-07-11 12:30:37] [build-stdout] Extracting /opt/codeql/javascript/tools/data/externs/web/ie_vml.js
[2023-07-11 12:30:37] [build-stdout] Done extracting /opt/codeql/javascript/tools/data/externs/web/ie_dom.js (288 ms)
[2023-07-11 12:30:37] [build-stdout] Extracting /opt/codeql/javascript/tools/data/externs/web/mediasource.js
[2023-07-11 12:30:37] [build-stdout] Done extracting /opt/codeql/javascript/tools/data/externs/web/ie_vml.js (37 ms)
[2023-07-11 12:30:37] [build-stdout] Extracting /opt/codeql/javascript/tools/data/externs/web/w3c_device_sensor_event.js
[2023-07-11 12:30:37] [build-stdout] Done extracting /opt/codeql/javascript/tools/data/externs/web/w3c_device_sensor_event.js (12 ms)
[2023-07-11 12:30:37] [build-stdout] Extracting /opt/codeql/javascript/tools/data/externs/web/w3c_permissions.js
[2023-07-11 12:30:37] [build-stdout] Done extracting /opt/codeql/javascript/tools/data/externs/web/gecko_css.js (97 ms)
[2023-07-11 12:30:37] [build-stdout] Extracting /opt/codeql/javascript/tools/data/externs/web/w3c_event3.js
[2023-07-11 12:30:37] [build-stdout] Done extracting /opt/codeql/javascript/tools/data/externs/web/w3c_event3.js (12 ms)
[2023-07-11 12:30:37] [build-stdout] Extracting /opt/codeql/javascript/tools/data/externs/web/webgl.js
[2023-07-11 12:30:37] [build-stdout] Done extracting /opt/codeql/javascript/tools/data/externs/web/mediasource.js (54 ms)
[2023-07-11 12:30:37] [build-stdout] Extracting /opt/codeql/javascript/tools/data/externs/web/w3c_serviceworker.js
[2023-07-11 12:30:37] [build-stdout] Done extracting /opt/codeql/javascript/tools/data/externs/web/w3c_permissions.js (29 ms)
[2023-07-11 12:30:37] [build-stdout] Extracting /opt/codeql/javascript/tools/data/externs/web/w3c_pointer_events.js
[2023-07-11 12:30:37] [build-stdout] Done extracting /opt/codeql/javascript/tools/data/externs/web/w3c_pointer_events.js (27 ms)
[2023-07-11 12:30:37] [build-stdout] Extracting /opt/codeql/javascript/tools/data/externs/web/gecko_xml.js
[2023-07-11 12:30:37] [build-stdout] Done extracting /opt/codeql/javascript/tools/data/externs/web/gecko_xml.js (7 ms)
[2023-07-11 12:30:37] [build-stdout] Extracting /opt/codeql/javascript/tools/data/externs/web/w3c_indexeddb.js
[2023-07-11 12:30:37] [build-stdout] Done extracting /opt/codeql/javascript/tools/data/externs/web/w3c_serviceworker.js (115 ms)
[2023-07-11 12:30:37] [build-stdout] Extracting /opt/codeql/javascript/tools/data/externs/web/w3c_encoding.js
[2023-07-11 12:30:37] [build-stdout] Done extracting /opt/codeql/javascript/tools/data/externs/web/w3c_encoding.js (11 ms)
[2023-07-11 12:30:37] [build-stdout] Extracting /opt/codeql/javascript/tools/data/externs/web/w3c_batterystatus.js
[2023-07-11 12:30:37] [build-stdout] Done extracting /opt/codeql/javascript/tools/data/externs/web/w3c_rtc.js (595 ms)
[2023-07-11 12:30:37] [build-stdout] Extracting /opt/codeql/javascript/tools/data/externs/web/html5.js
[2023-07-11 12:30:37] [build-stdout] Done extracting /opt/codeql/javascript/tools/data/externs/web/w3c_batterystatus.js (15 ms)
[2023-07-11 12:30:37] [build-stdout] Extracting /opt/codeql/javascript/tools/data/externs/web/w3c_navigation_timing.js
[2023-07-11 12:30:37] [build-stdout] Done extracting /opt/codeql/javascript/tools/data/externs/web/w3c_navigation_timing.js (76 ms)
[2023-07-11 12:30:37] [build-stdout] Extracting /opt/codeql/javascript/tools/data/externs/web/webkit_event.js
[2023-07-11 12:30:37] [build-stdout] Done extracting /opt/codeql/javascript/tools/data/externs/web/webkit_event.js (31 ms)
[2023-07-11 12:30:37] [build-stdout] Extracting /opt/codeql/javascript/tools/data/externs/web/webkit_dom.js
[2023-07-11 12:30:37] [build-stdout] Done extracting /opt/codeql/javascript/tools/data/externs/web/w3c_indexeddb.js (224 ms)
[2023-07-11 12:30:37] [build-stdout] Extracting /opt/codeql/javascript/tools/data/externs/web/w3c_anim_timing.js
[2023-07-11 12:30:37] [build-stdout] Done extracting /opt/codeql/javascript/tools/data/externs/web/w3c_anim_timing.js (25 ms)
[2023-07-11 12:30:37] [build-stdout] Extracting /opt/codeql/javascript/tools/data/externs/web/w3c_xml.js
[2023-07-11 12:30:37] [build-stdout] Done extracting /opt/codeql/javascript/tools/data/externs/web/webkit_dom.js (77 ms)
[2023-07-11 12:30:37] [build-stdout] Extracting /opt/codeql/javascript/tools/data/externs/web/w3c_webcrypto.js
[2023-07-11 12:30:37] [build-stdout] Done extracting /opt/codeql/javascript/tools/data/externs/web/w3c_xml.js (86 ms)
[2023-07-11 12:30:37] [build-stdout] Extracting /opt/codeql/javascript/tools/data/externs/web/w3c_midi.js
[2023-07-11 12:30:37] [build-stdout] Done extracting /opt/codeql/javascript/tools/data/externs/web/w3c_webcrypto.js (82 ms)
[2023-07-11 12:30:37] [build-stdout] Extracting /opt/codeql/javascript/tools/data/externs/web/w3c_css.js
[2023-07-11 12:30:37] [build-stdout] Done extracting /opt/codeql/javascript/tools/data/externs/web/w3c_midi.js (89 ms)
[2023-07-11 12:30:37] [build-stdout] Extracting /opt/codeql/javascript/tools/data/externs/web/window.js
[2023-07-11 12:30:37] [build-stdout] Done extracting /opt/codeql/javascript/tools/data/externs/web/window.js (30 ms)
[2023-07-11 12:30:37] [build-stdout] Extracting /opt/codeql/javascript/tools/data/externs/web/fetchapi.js
[2023-07-11 12:30:38] [build-stdout] Done extracting /opt/codeql/javascript/tools/data/externs/web/fetchapi.js (224 ms)
[2023-07-11 12:30:38] [build-stdout] Extracting /opt/codeql/javascript/tools/data/externs/web/intl.js
[2023-07-11 12:30:38] [build-stdout] Done extracting /opt/codeql/javascript/tools/data/externs/web/intl.js (63 ms)
[2023-07-11 12:30:38] [build-stdout] Done extracting /opt/codeql/javascript/tools/data/externs/web/webgl.js (850 ms)
[2023-07-11 12:30:38] [build-stdout] Extracting /opt/codeql/javascript/tools/data/externs/web/w3c_dom4.js
[2023-07-11 12:30:38] [build-stdout] Extracting /opt/codeql/javascript/tools/data/externs/web/w3c_event.js
[2023-07-11 12:30:38] [build-stdout] Done extracting /opt/codeql/javascript/tools/data/externs/web/w3c_dom4.js (6 ms)
[2023-07-11 12:30:38] [build-stdout] Extracting /opt/codeql/javascript/tools/data/externs/web/w3c_gamepad.js
[2023-07-11 12:30:38] [build-stdout] Done extracting /opt/codeql/javascript/tools/data/externs/web/w3c_gamepad.js (21 ms)
[2023-07-11 12:30:38] [build-stdout] Extracting /opt/codeql/javascript/tools/data/externs/web/iphone.js
[2023-07-11 12:30:38] [build-stdout] Done extracting /opt/codeql/javascript/tools/data/externs/web/iphone.js (28 ms)
[2023-07-11 12:30:38] [build-stdout] Extracting /opt/codeql/javascript/tools/data/externs/web/w3c_dom1.js
[2023-07-11 12:30:38] [build-stdout] Done extracting /opt/codeql/javascript/tools/data/externs/web/w3c_event.js (132 ms)
[2023-07-11 12:30:38] [build-stdout] Extracting /opt/codeql/javascript/tools/data/externs/web/w3c_geolocation.js
[2023-07-11 12:30:38] [build-stdout] Done extracting /opt/codeql/javascript/tools/data/externs/web/w3c_geolocation.js (36 ms)
[2023-07-11 12:30:38] [build-stdout] Extracting /opt/codeql/javascript/tools/data/externs/web/webkit_css.js
[2023-07-11 12:30:38] [build-stdout] Done extracting /opt/codeql/javascript/tools/data/externs/web/w3c_css.js (628 ms)
[2023-07-11 12:30:38] [build-stdout] Extracting /opt/codeql/javascript/tools/data/externs/web/url.js
[2023-07-11 12:30:38] [build-stdout] Done extracting /opt/codeql/javascript/tools/data/externs/web/url.js (33 ms)
[2023-07-11 12:30:38] [build-stdout] Extracting /opt/codeql/javascript/tools/data/externs/web/webstorage.js
[2023-07-11 12:30:38] [build-stdout] Done extracting /opt/codeql/javascript/tools/data/externs/web/webstorage.js (36 ms)
[2023-07-11 12:30:38] [build-stdout] Extracting /opt/codeql/javascript/tools/data/externs/web/w3c_requestidlecallback.js
[2023-07-11 12:30:38] [build-stdout] Done extracting /opt/codeql/javascript/tools/data/externs/web/w3c_dom1.js (267 ms)
[2023-07-11 12:30:38] [build-stdout] Extracting /opt/codeql/javascript/tools/data/externs/web/w3c_dom2.js
[2023-07-11 12:30:38] [build-stdout] Done extracting /opt/codeql/javascript/tools/data/externs/web/w3c_requestidlecallback.js (24 ms)
[2023-07-11 12:30:38] [build-stdout] Extracting /opt/codeql/javascript/tools/data/externs/web/ie_event.js
[2023-07-11 12:30:38] [build-stdout] Done extracting /opt/codeql/javascript/tools/data/externs/web/ie_event.js (61 ms)
[2023-07-11 12:30:38] [build-stdout] Extracting /opt/codeql/javascript/tools/data/externs/lib/bdd.js
[2023-07-11 12:30:38] [build-stdout] Done extracting /opt/codeql/javascript/tools/data/externs/web/html5.js (1126 ms)
[2023-07-11 12:30:38] [build-stdout] Extracting /opt/codeql/javascript/tools/data/externs/lib/should.js
[2023-07-11 12:30:38] [build-stdout] Done extracting /opt/codeql/javascript/tools/data/externs/lib/bdd.js (41 ms)
[2023-07-11 12:30:38] [build-stdout] Extracting /opt/codeql/javascript/tools/data/externs/lib/vows.js
[2023-07-11 12:30:38] [build-stdout] Done extracting /opt/codeql/javascript/tools/data/externs/web/webkit_css.js (253 ms)
[2023-07-11 12:30:38] [build-stdout] Extracting /opt/codeql/javascript/tools/data/externs/lib/jquery-3.2.js
[2023-07-11 12:30:38] [build-stdout] Done extracting /opt/codeql/javascript/tools/data/externs/lib/vows.js (75 ms)
[2023-07-11 12:30:38] [build-stdout] Extracting /opt/codeql/javascript/tools/data/externs/es/es2017.js
[2023-07-11 12:30:38] [build-stdout] Done extracting /opt/codeql/javascript/tools/data/externs/lib/should.js (111 ms)
[2023-07-11 12:30:38] [build-stdout] Extracting /opt/codeql/javascript/tools/data/externs/es/es2016.js
[2023-07-11 12:30:38] [build-stdout] Done extracting /opt/codeql/javascript/tools/data/externs/es/es2017.js (33 ms)
[2023-07-11 12:30:38] [build-stdout] Extracting /opt/codeql/javascript/tools/data/externs/es/proxy.js
[2023-07-11 12:30:38] [build-stdout] Done extracting /opt/codeql/javascript/tools/data/externs/es/es2016.js (17 ms)
[2023-07-11 12:30:38] [build-stdout] Extracting /opt/codeql/javascript/tools/data/externs/es/es6_collections.js
[2023-07-11 12:30:38] [build-stdout] Done extracting /opt/codeql/javascript/tools/data/externs/es/proxy.js (10 ms)
[2023-07-11 12:30:38] [build-stdout] Extracting /opt/codeql/javascript/tools/data/externs/es/intl.js
[2023-07-11 12:30:38] [build-stdout] Done extracting /opt/codeql/javascript/tools/data/externs/es/es6_collections.js (74 ms)
[2023-07-11 12:30:38] [build-stdout] Extracting /opt/codeql/javascript/tools/data/externs/es/es6.js
[2023-07-11 12:30:38] [build-stdout] Done extracting /opt/codeql/javascript/tools/data/externs/es/intl.js (96 ms)
[2023-07-11 12:30:38] [build-stdout] Extracting /opt/codeql/javascript/tools/data/externs/es/es3.js
[2023-07-11 12:30:39] [build-stdout] Done extracting /opt/codeql/javascript/tools/data/externs/web/w3c_dom2.js (495 ms)
[2023-07-11 12:30:39] [build-stdout] Extracting /opt/codeql/javascript/tools/data/externs/es/es5.js
[2023-07-11 12:30:39] [build-stdout] Done extracting /opt/codeql/javascript/tools/data/externs/es/es5.js (62 ms)
[2023-07-11 12:30:39] [build-stdout] Extracting /opt/codeql/javascript/tools/data/externs/vm/v8.js
[2023-07-11 12:30:39] [build-stdout] Done extracting /opt/codeql/javascript/tools/data/externs/vm/v8.js (28 ms)
[2023-07-11 12:30:39] [build-stdout] Extracting /opt/codeql/javascript/tools/data/externs/vm/jsshell.js
[2023-07-11 12:30:39] [build-stdout] Done extracting /opt/codeql/javascript/tools/data/externs/es/es6.js (308 ms)
[2023-07-11 12:30:39] [build-stdout] Extracting /opt/codeql/javascript/tools/data/externs/vm/rhino.js
[2023-07-11 12:30:39] [build-stdout] Done extracting /opt/codeql/javascript/tools/data/externs/vm/rhino.js (9 ms)
[2023-07-11 12:30:39] [build-stdout] Extracting /opt/codeql/javascript/tools/data/externs/vm/spidermonkey.js
[2023-07-11 12:30:39] [build-stdout] Done extracting /opt/codeql/javascript/tools/data/externs/vm/spidermonkey.js (6 ms)
[2023-07-11 12:30:39] [build-stdout] Extracting /opt/codeql/javascript/tools/data/externs/nodejs/https.js
[2023-07-11 12:30:39] [build-stdout] Done extracting /opt/codeql/javascript/tools/data/externs/nodejs/https.js (99 ms)
[2023-07-11 12:30:39] [build-stdout] Extracting /opt/codeql/javascript/tools/data/externs/nodejs/dns.js
[2023-07-11 12:30:39] [build-stdout] Done extracting /opt/codeql/javascript/tools/data/externs/lib/jquery-3.2.js (658 ms)
[2023-07-11 12:30:39] [build-stdout] Extracting /opt/codeql/javascript/tools/data/externs/nodejs/v8.js
[2023-07-11 12:30:39] [build-stdout] Done extracting /opt/codeql/javascript/tools/data/externs/vm/jsshell.js (198 ms)
[2023-07-11 12:30:39] [build-stdout] Extracting /opt/codeql/javascript/tools/data/externs/nodejs/globals.js
[2023-07-11 12:30:39] [build-stdout] Done extracting /opt/codeql/javascript/tools/data/externs/nodejs/v8.js (26 ms)
[2023-07-11 12:30:39] [build-stdout] Extracting /opt/codeql/javascript/tools/data/externs/nodejs/domain.js
[2023-07-11 12:30:39] [build-stdout] Done extracting /opt/codeql/javascript/tools/data/externs/nodejs/domain.js (70 ms)
[2023-07-11 12:30:39] [build-stdout] Extracting /opt/codeql/javascript/tools/data/externs/nodejs/net.js
[2023-07-11 12:30:39] [build-stdout] Done extracting /opt/codeql/javascript/tools/data/externs/nodejs/dns.js (158 ms)
[2023-07-11 12:30:39] [build-stdout] Extracting /opt/codeql/javascript/tools/data/externs/nodejs/timers.js
[2023-07-11 12:30:39] [build-stdout] Done extracting /opt/codeql/javascript/tools/data/externs/nodejs/timers.js (42 ms)
[2023-07-11 12:30:39] [build-stdout] Extracting /opt/codeql/javascript/tools/data/externs/nodejs/tls.js
[2023-07-11 12:30:39] [build-stdout] Done extracting /opt/codeql/javascript/tools/data/externs/es/es3.js (677 ms)
[2023-07-11 12:30:39] [build-stdout] Extracting /opt/codeql/javascript/tools/data/externs/nodejs/stream.js
[2023-07-11 12:30:39] [build-stdout] Done extracting /opt/codeql/javascript/tools/data/externs/nodejs/net.js (161 ms)
[2023-07-11 12:30:39] [build-stdout] Extracting /opt/codeql/javascript/tools/data/externs/nodejs/repl.js
[2023-07-11 12:30:39] [build-stdout] Done extracting /opt/codeql/javascript/tools/data/externs/nodejs/repl.js (53 ms)
[2023-07-11 12:30:39] [build-stdout] Extracting /opt/codeql/javascript/tools/data/externs/nodejs/zlib.js
[2023-07-11 12:30:39] [build-stdout] Done extracting /opt/codeql/javascript/tools/data/externs/nodejs/tls.js (221 ms)
[2023-07-11 12:30:39] [build-stdout] Extracting /opt/codeql/javascript/tools/data/externs/nodejs/readline.js
[2023-07-11 12:30:39] [build-stdout] Done extracting /opt/codeql/javascript/tools/data/externs/nodejs/readline.js (64 ms)
[2023-07-11 12:30:39] [build-stdout] Extracting /opt/codeql/javascript/tools/data/externs/nodejs/crypto.js
[2023-07-11 12:30:39] [build-stdout] Done extracting /opt/codeql/javascript/tools/data/externs/nodejs/zlib.js (164 ms)
[2023-07-11 12:30:39] [build-stdout] Extracting /opt/codeql/javascript/tools/data/externs/nodejs/module.js
[2023-07-11 12:30:39] [build-stdout] Done extracting /opt/codeql/javascript/tools/data/externs/nodejs/module.js (37 ms)
[2023-07-11 12:30:39] [build-stdout] Extracting /opt/codeql/javascript/tools/data/externs/nodejs/punycode.js
[2023-07-11 12:30:39] [build-stdout] Done extracting /opt/codeql/javascript/tools/data/externs/nodejs/stream.js (324 ms)
[2023-07-11 12:30:39] [build-stdout] Extracting /opt/codeql/javascript/tools/data/externs/nodejs/vm.js
[2023-07-11 12:30:39] [build-stdout] Done extracting /opt/codeql/javascript/tools/data/externs/nodejs/punycode.js (21 ms)
[2023-07-11 12:30:39] [build-stdout] Extracting /opt/codeql/javascript/tools/data/externs/nodejs/util.js
[2023-07-11 12:30:40] [build-stdout] Done extracting /opt/codeql/javascript/tools/data/externs/nodejs/vm.js (58 ms)
[2023-07-11 12:30:40] [build-stdout] Extracting /opt/codeql/javascript/tools/data/externs/nodejs/http.js
[2023-07-11 12:30:40] [build-stdout] Done extracting /opt/codeql/javascript/tools/data/externs/nodejs/crypto.js (187 ms)
[2023-07-11 12:30:40] [build-stdout] Extracting /opt/codeql/javascript/tools/data/externs/nodejs/path.js
[2023-07-11 12:30:40] [build-stdout] Done extracting /opt/codeql/javascript/tools/data/externs/nodejs/util.js (78 ms)
[2023-07-11 12:30:40] [build-stdout] Extracting /opt/codeql/javascript/tools/data/externs/nodejs/buffer.js
[2023-07-11 12:30:40] [build-stdout] Done extracting /opt/codeql/javascript/tools/data/externs/nodejs/buffer.js (33 ms)
[2023-07-11 12:30:40] [build-stdout] Extracting /opt/codeql/javascript/tools/data/externs/nodejs/string_decoder.js
[2023-07-11 12:30:40] [build-stdout] Done extracting /opt/codeql/javascript/tools/data/externs/nodejs/string_decoder.js (20 ms)
[2023-07-11 12:30:40] [build-stdout] Extracting /opt/codeql/javascript/tools/data/externs/nodejs/assert.js
[2023-07-11 12:30:40] [build-stdout] Done extracting /opt/codeql/javascript/tools/data/externs/nodejs/globals.js (698 ms)
[2023-07-11 12:30:40] [build-stdout] Extracting /opt/codeql/javascript/tools/data/externs/nodejs/fs.js
[2023-07-11 12:30:40] [build-stdout] Done extracting /opt/codeql/javascript/tools/data/externs/nodejs/path.js (88 ms)
[2023-07-11 12:30:40] [build-stdout] Extracting /opt/codeql/javascript/tools/data/externs/nodejs/console.js
[2023-07-11 12:30:40] [build-stdout] Done extracting /opt/codeql/javascript/tools/data/externs/nodejs/console.js (4 ms)
[2023-07-11 12:30:40] [build-stdout] Extracting /opt/codeql/javascript/tools/data/externs/nodejs/events.js
[2023-07-11 12:30:40] [build-stdout] Done extracting /opt/codeql/javascript/tools/data/externs/nodejs/assert.js (41 ms)
[2023-07-11 12:30:40] [build-stdout] Extracting /opt/codeql/javascript/tools/data/externs/nodejs/process.js
[2023-07-11 12:30:40] [build-stdout] Done extracting /opt/codeql/javascript/tools/data/externs/nodejs/events.js (22 ms)
[2023-07-11 12:30:40] [build-stdout] Extracting /opt/codeql/javascript/tools/data/externs/nodejs/tty.js
[2023-07-11 12:30:40] [build-stdout] Done extracting /opt/codeql/javascript/tools/data/externs/nodejs/process.js (15 ms)
[2023-07-11 12:30:40] [build-stdout] Extracting /opt/codeql/javascript/tools/data/externs/nodejs/cluster.js
[2023-07-11 12:30:40] [build-stdout] Done extracting /opt/codeql/javascript/tools/data/externs/nodejs/http.js (162 ms)
[2023-07-11 12:30:40] [build-stdout] Extracting /opt/codeql/javascript/tools/data/externs/nodejs/assert_legacy.js
[2023-07-11 12:30:40] [build-stdout] Done extracting /opt/codeql/javascript/tools/data/externs/nodejs/assert_legacy.js (13 ms)
[2023-07-11 12:30:40] [build-stdout] Extracting /opt/codeql/javascript/tools/data/externs/nodejs/os.js
[2023-07-11 12:30:40] [build-stdout] Done extracting /opt/codeql/javascript/tools/data/externs/nodejs/tty.js (48 ms)
[2023-07-11 12:30:40] [build-stdout] Extracting /opt/codeql/javascript/tools/data/externs/nodejs/sys.js
[2023-07-11 12:30:40] [build-stdout] Done extracting /opt/codeql/javascript/tools/data/externs/nodejs/sys.js (5 ms)
[2023-07-11 12:30:40] [build-stdout] Extracting /opt/codeql/javascript/tools/data/externs/nodejs/constants.js
[2023-07-11 12:30:40] [build-stdout] Done extracting /opt/codeql/javascript/tools/data/externs/nodejs/os.js (65 ms)
[2023-07-11 12:30:40] [build-stdout] Extracting /opt/codeql/javascript/tools/data/externs/nodejs/child_process.js
[2023-07-11 12:30:40] [build-stdout] Done extracting /opt/codeql/javascript/tools/data/externs/nodejs/cluster.js (287 ms)
[2023-07-11 12:30:40] [build-stdout] Extracting /opt/codeql/javascript/tools/data/externs/nodejs/querystring.js
[2023-07-11 12:30:40] [build-stdout] Done extracting /opt/codeql/javascript/tools/data/externs/nodejs/querystring.js (25 ms)
[2023-07-11 12:30:40] [build-stdout] Extracting /opt/codeql/javascript/tools/data/externs/nodejs/url.js
[2023-07-11 12:30:40] [build-stdout] Done extracting /opt/codeql/javascript/tools/data/externs/nodejs/url.js (21 ms)
[2023-07-11 12:30:40] [build-stdout] Extracting /opt/codeql/javascript/tools/data/externs/nodejs/dgram.js
[2023-07-11 12:30:40] [build-stdout] Done extracting /opt/codeql/javascript/tools/data/externs/nodejs/child_process.js (262 ms)
[2023-07-11 12:30:40] [build-stdout] Done extracting /opt/codeql/javascript/tools/data/externs/nodejs/dgram.js (48 ms)
[2023-07-11 12:30:40] [build-stdout] Done extracting /opt/codeql/javascript/tools/data/externs/nodejs/constants.js (376 ms)
[2023-07-11 12:30:40] [build-stdout] Done extracting /opt/codeql/javascript/tools/data/externs/nodejs/fs.js (512 ms)
Finalizing database at /opt/src/npm/chalk/5.3.0/tool-codeql-db-installed.
Successfully created database at /opt/src/npm/chalk/5.3.0/tool-codeql-db-installed.
/opt/src/npm/chalk/5.3.0/tool-codeql-db-installed/db-javascript is up to date.
Creating bundle metadata for /opt/src/npm/chalk/5.3.0/tool-codeql-db-installed...
Creating zip file at /opt/result/tool-codeql-db-installed.zip.
Analysis produced the following diagnostic data:

|          Diagnostic          |  Summary   |
+------------------------------+------------+
| Successfully extracted files | 13 results |

Analysis produced the following metric data:

|                                   Metric                                   | Value |
+----------------------------------------------------------------------------+-------+
| Total lines of JavaScript and TypeScript code in the database              |   724 |
| Total lines of user written JavaScript and TypeScript code in the database |   724 |

