
   ____   _____ _____    _____           _            _
  / __ \ / ____/ ____|  / ____|         | |          | |
 | |  | | (___| (___   | |  __  __ _  __| | __ _  ___| |_
 | |  | |\___ \\___ \  | | |_ |/ _` |/ _` |/ _` |/ _ \ __|
 | |__| |____) |___) | | |__| | (_| | (_| | (_| |  __/ |_
  \____/|_____/_____/   \_____|\__,_|\__,_|\__, |\___|\__|
                                            __/ |
                                           |___/          
OSS Gadget - oss-download 0.1.401+c37aea753d - github.com/Microsoft/OSSGadget
INFO  - Downloaded pkg:cargo/clippy@0.0.302 to /opt/src/cargo/clippy/0.0.302/reference-binaries/cargo-pkg:cargo-clippy@0.0.302

   ____   _____ _____    _____           _            _
  / __ \ / ____/ ____|  / ____|         | |          | |
 | |  | | (___| (___   | |  __  __ _  __| | __ _  ___| |_
 | |  | |\___ \\___ \  | | |_ |/ _` |/ _` |/ _` |/ _ \ __|
 | |__| |____) |___) | | |__| | (_| | (_| | (_| |  __/ |_
  \____/|_____/_____/   \_____|\__,_|\__,_|\__, |\___|\__|
                                            __/ |
                                           |___/          
OSS Gadget - oss-download 0.1.401+c37aea753d - github.com/Microsoft/OSSGadget
INFO  - Downloaded pkg:cargo/clippy@0.0.302 to /opt/src/cargo/clippy/0.0.302/src/cargo-pkg:cargo-clippy@0.0.302

   ____   _____ _____    _____           _            _
  / __ \ / ____/ ____|  / ____|         | |          | |
 | |  | | (___| (___   | |  __  __ _  __| | __ _  ___| |_
 | |  | |\___ \\___ \  | | |_ |/ _` |/ _` |/ _` |/ _ \ __|
 | |__| |____) |___) | | |__| | (_| | (_| | (_| |  __/ |_
  \____/|_____/_____/   \_____|\__,_|\__,_|\__, |\___|\__|
                                            __/ |
                                           |___/          
OSS Gadget - oss-download 0.1.401+c37aea753d - github.com/Microsoft/OSSGadget
INFO  - Downloaded pkg:cargo/clippy@0.0.301 to /opt/src/cargo/clippy/0.0.301/src/cargo-pkg:cargo-clippy@0.0.301
