
   ____   _____ _____    _____           _            _
  / __ \ / ____/ ____|  / ____|         | |          | |
 | |  | | (___| (___   | |  __  __ _  __| | __ _  ___| |_
 | |  | |\___ \\___ \  | | |_ |/ _` |/ _` |/ _` |/ _ \ __|
 | |__| |____) |___) | | |__| | (_| | (_| | (_| |  __/ |_
  \____/|_____/_____/   \_____|\__,_|\__,_|\__, |\___|\__|
                                            __/ |
                                           |___/          
OSS Gadget - oss-download 0.1.401+c37aea753d - github.com/Microsoft/OSSGadget
INFO  - Downloaded pkg:npm/left-pad@1.3.0 to /opt/src/npm/left-pad/1.3.0/reference-binaries/npm-left-pad@1.3.0.tgz

   ____   _____ _____    _____           _            _
  / __ \ / ____/ ____|  / ____|         | |          | |
 | |  | | (___| (___   | |  __  __ _  __| | __ _  ___| |_
 | |  | |\___ \\___ \  | | |_ |/ _` |/ _` |/ _` |/ _ \ __|
 | |__| |____) |___) | | |__| | (_| | (_| | (_| |  __/ |_
  \____/|_____/_____/   \_____|\__,_|\__,_|\__, |\___|\__|
                                            __/ |
                                           |___/          
OSS Gadget - oss-download 0.1.401+c37aea753d - github.com/Microsoft/OSSGadget
INFO  - Downloaded pkg:npm/left-pad@1.3.0 to /opt/src/npm/left-pad/1.3.0/src/npm-left-pad@1.3.0

   ____   _____ _____    _____           _            _
  / __ \ / ____/ ____|  / ____|         | |          | |
 | |  | | (___| (___   | |  __  __ _  __| | __ _  ___| |_
 | |  | |\___ \\___ \  | | |_ |/ _` |/ _` |/ _` |/ _ \ __|
 | |__| |____) |___) | | |__| | (_| | (_| | (_| |  __/ |_
  \____/|_____/_____/   \_____|\__,_|\__,_|\__, |\___|\__|
                                            __/ |
                                           |___/          
OSS Gadget - oss-download 0.1.401+c37aea753d - github.com/Microsoft/OSSGadget
INFO  - Downloaded pkg:npm/left-pad@1.2.0 to /opt/src/npm/left-pad/1.2.0/src/npm-left-pad@1.2.0
