No build script found.
npm WARN deprecated left-pad@1.3.0: use String.prototype.padStart()

added 1 package in 474ms
Initializing database at /opt/src/npm/left-pad/1.3.0/tool-codeql-db-installed.
Running build command: []
[2023-07-04 12:02:43] [build-stdout] Parallel extraction with 4 threads.
[2023-07-04 12:02:43] [build-stdout] Found Node.js at: node
[2023-07-04 12:02:43] [build-stdout] Found Node.js version: v19.9.0
[2023-07-04 12:02:43] [build-stdout] Memory for TypeScript process: 2000 MB, and 400 MB reserve
[2023-07-04 12:02:43] [build-stdout] Extracting /opt/src/npm/left-pad/1.3.0/installed/node_modules/left-pad/index.d.ts
[2023-07-04 12:02:44] [build-stdout] Done extracting /opt/src/npm/left-pad/1.3.0/installed/node_modules/left-pad/index.d.ts (138 ms)
[2023-07-04 12:02:44] [build-stdout] Extracting /opt/src/npm/left-pad/1.3.0/installed/node_modules/left-pad/perf/O(n).js
[2023-07-04 12:02:44] [build-stdout] Extracting /opt/src/npm/left-pad/1.3.0/installed/node_modules/left-pad/perf/es6Repeat.js
[2023-07-04 12:02:44] [build-stdout] Extracting /opt/src/npm/left-pad/1.3.0/installed/node_modules/left-pad/perf/perf.js
[2023-07-04 12:02:44] [build-stdout] Extracting /opt/src/npm/left-pad/1.3.0/installed/node_modules/left-pad/.travis.yml
[2023-07-04 12:02:44] [build-stdout] Done extracting /opt/src/npm/left-pad/1.3.0/installed/node_modules/left-pad/.travis.yml (33 ms)
[2023-07-04 12:02:44] [build-stdout] Extracting /opt/src/npm/left-pad/1.3.0/installed/node_modules/left-pad/index.js
[2023-07-04 12:02:44] [build-stdout] Done extracting /opt/src/npm/left-pad/1.3.0/installed/node_modules/left-pad/perf/es6Repeat.js (80 ms)
[2023-07-04 12:02:44] [build-stdout] Extracting /opt/src/npm/left-pad/1.3.0/installed/node_modules/left-pad/package.json
[2023-07-04 12:02:44] [build-stdout] Done extracting /opt/src/npm/left-pad/1.3.0/installed/node_modules/left-pad/perf/O(n).js (82 ms)
[2023-07-04 12:02:44] [build-stdout] Extracting /opt/src/npm/left-pad/1.3.0/installed/node_modules/left-pad/test.js
[2023-07-04 12:02:44] [build-stdout] Done extracting /opt/src/npm/left-pad/1.3.0/installed/node_modules/left-pad/index.js (52 ms)
[2023-07-04 12:02:44] [build-stdout] Extracting /opt/src/npm/left-pad/1.3.0/installed/node_modules/.package-lock.json
[2023-07-04 12:02:44] [build-stdout] Done extracting /opt/src/npm/left-pad/1.3.0/installed/node_modules/left-pad/perf/perf.js (94 ms)
[2023-07-04 12:02:44] [build-stdout] Extracting /opt/src/npm/left-pad/1.3.0/installed/package-lock.json
[2023-07-04 12:02:44] [build-stdout] Done extracting /opt/src/npm/left-pad/1.3.0/installed/node_modules/left-pad/package.json (25 ms)
[2023-07-04 12:02:44] [build-stdout] Done extracting /opt/src/npm/left-pad/1.3.0/installed/node_modules/.package-lock.json (3 ms)
[2023-07-04 12:02:44] [build-stdout] Extracting /opt/src/npm/left-pad/1.3.0/installed/package.json
[2023-07-04 12:02:44] [build-stdout] Done extracting /opt/src/npm/left-pad/1.3.0/installed/package-lock.json (4 ms)
[2023-07-04 12:02:44] [build-stdout] Done extracting /opt/src/npm/left-pad/1.3.0/installed/package.json (1 ms)
[2023-07-04 12:02:44] [build-stdout] Done extracting /opt/src/npm/left-pad/1.3.0/installed/node_modules/left-pad/test.js (92 ms)
[2023-07-04 12:02:44] [build-stderr] No externs trap cache found
[2023-07-04 12:02:44] [build-stdout] Extracting /opt/codeql/javascript/tools/data/externs/web/w3c_css3d.js
[2023-07-04 12:02:44] [build-stdout] Extracting /opt/codeql/javascript/tools/data/externs/web/flash.js
[2023-07-04 12:02:44] [build-stdout] Extracting /opt/codeql/javascript/tools/data/externs/web/gecko_dom.js
[2023-07-04 12:02:44] [build-stdout] Extracting /opt/codeql/javascript/tools/data/externs/web/streamsapi.js
[2023-07-04 12:02:44] [build-stdout] Done extracting /opt/codeql/javascript/tools/data/externs/web/w3c_css3d.js (96 ms)
[2023-07-04 12:02:44] [build-stdout] Extracting /opt/codeql/javascript/tools/data/externs/web/chrome.js
[2023-07-04 12:02:44] [build-stdout] Done extracting /opt/codeql/javascript/tools/data/externs/web/flash.js (138 ms)
[2023-07-04 12:02:44] [build-stdout] Extracting /opt/codeql/javascript/tools/data/externs/web/webkit_notifications.js
[2023-07-04 12:02:44] [build-stdout] Done extracting /opt/codeql/javascript/tools/data/externs/web/streamsapi.js (190 ms)
[2023-07-04 12:02:44] [build-stdout] Extracting /opt/codeql/javascript/tools/data/externs/web/whatwg_encoding.js
[2023-07-04 12:02:44] [build-stdout] Done extracting /opt/codeql/javascript/tools/data/externs/web/webkit_notifications.js (62 ms)
[2023-07-04 12:02:44] [build-stdout] Extracting /opt/codeql/javascript/tools/data/externs/web/w3c_selectors.js
[2023-07-04 12:02:44] [build-stdout] Done extracting /opt/codeql/javascript/tools/data/externs/web/chrome.js (130 ms)
[2023-07-04 12:02:44] [build-stdout] Extracting /opt/codeql/javascript/tools/data/externs/web/w3c_screen_orientation.js
[2023-07-04 12:02:44] [build-stdout] Done extracting /opt/codeql/javascript/tools/data/externs/web/whatwg_encoding.js (29 ms)
[2023-07-04 12:02:44] [build-stdout] Extracting /opt/codeql/javascript/tools/data/externs/web/w3c_range.js
[2023-07-04 12:02:44] [build-stdout] Done extracting /opt/codeql/javascript/tools/data/externs/web/w3c_screen_orientation.js (9 ms)
[2023-07-04 12:02:44] [build-stdout] Extracting /opt/codeql/javascript/tools/data/externs/web/ie_css.js
[2023-07-04 12:02:44] [build-stdout] Done extracting /opt/codeql/javascript/tools/data/externs/web/w3c_selectors.js (34 ms)
[2023-07-04 12:02:44] [build-stdout] Extracting /opt/codeql/javascript/tools/data/externs/web/fileapi.js
[2023-07-04 12:02:44] [build-stdout] Done extracting /opt/codeql/javascript/tools/data/externs/web/gecko_dom.js (268 ms)
[2023-07-04 12:02:44] [build-stdout] Extracting /opt/codeql/javascript/tools/data/externs/web/w3c_rtc.js
[2023-07-04 12:02:44] [build-stdout] Done extracting /opt/codeql/javascript/tools/data/externs/web/ie_css.js (47 ms)
[2023-07-04 12:02:44] [build-stdout] Extracting /opt/codeql/javascript/tools/data/externs/web/w3c_touch_event.js
[2023-07-04 12:02:44] [build-stdout] Done extracting /opt/codeql/javascript/tools/data/externs/web/w3c_range.js (76 ms)
[2023-07-04 12:02:44] [build-stdout] Extracting /opt/codeql/javascript/tools/data/externs/web/page_visibility.js
[2023-07-04 12:02:44] [build-stdout] Done extracting /opt/codeql/javascript/tools/data/externs/web/page_visibility.js (4 ms)
[2023-07-04 12:02:44] [build-stdout] Extracting /opt/codeql/javascript/tools/data/externs/web/w3c_dom3.js
[2023-07-04 12:02:44] [build-stdout] Done extracting /opt/codeql/javascript/tools/data/externs/web/w3c_touch_event.js (67 ms)
[2023-07-04 12:02:44] [build-stdout] Extracting /opt/codeql/javascript/tools/data/externs/web/ie_dom.js
[2023-07-04 12:02:44] [build-stdout] Done extracting /opt/codeql/javascript/tools/data/externs/web/fileapi.js (245 ms)
[2023-07-04 12:02:44] [build-stdout] Extracting /opt/codeql/javascript/tools/data/externs/web/gecko_ext.js
[2023-07-04 12:02:44] [build-stdout] Done extracting /opt/codeql/javascript/tools/data/externs/web/gecko_ext.js (2 ms)
[2023-07-04 12:02:44] [build-stdout] Extracting /opt/codeql/javascript/tools/data/externs/web/w3c_elementtraversal.js
[2023-07-04 12:02:44] [build-stdout] Done extracting /opt/codeql/javascript/tools/data/externs/web/w3c_dom3.js (181 ms)
[2023-07-04 12:02:44] [build-stdout] Done extracting /opt/codeql/javascript/tools/data/externs/web/w3c_elementtraversal.js (7 ms)
[2023-07-04 12:02:44] [build-stdout] Extracting /opt/codeql/javascript/tools/data/externs/web/webkit_usercontent.js
[2023-07-04 12:02:44] [build-stdout] Extracting /opt/codeql/javascript/tools/data/externs/web/gecko_event.js
[2023-07-04 12:02:44] [build-stdout] Done extracting /opt/codeql/javascript/tools/data/externs/web/webkit_usercontent.js (5 ms)
[2023-07-04 12:02:44] [build-stdout] Extracting /opt/codeql/javascript/tools/data/externs/web/gecko_css.js
[2023-07-04 12:02:44] [build-stdout] Done extracting /opt/codeql/javascript/tools/data/externs/web/gecko_event.js (23 ms)
[2023-07-04 12:02:44] [build-stdout] Extracting /opt/codeql/javascript/tools/data/externs/web/ie_vml.js
[2023-07-04 12:02:44] [build-stdout] Done extracting /opt/codeql/javascript/tools/data/externs/web/ie_vml.js (6 ms)
[2023-07-04 12:02:44] [build-stdout] Extracting /opt/codeql/javascript/tools/data/externs/web/mediasource.js
[2023-07-04 12:02:44] [build-stdout] Done extracting /opt/codeql/javascript/tools/data/externs/web/gecko_css.js (44 ms)
[2023-07-04 12:02:44] [build-stdout] Extracting /opt/codeql/javascript/tools/data/externs/web/w3c_device_sensor_event.js
[2023-07-04 12:02:44] [build-stdout] Done extracting /opt/codeql/javascript/tools/data/externs/web/w3c_device_sensor_event.js (17 ms)
[2023-07-04 12:02:44] [build-stdout] Extracting /opt/codeql/javascript/tools/data/externs/web/w3c_permissions.js
[2023-07-04 12:02:44] [build-stdout] Done extracting /opt/codeql/javascript/tools/data/externs/web/mediasource.js (38 ms)
[2023-07-04 12:02:44] [build-stdout] Extracting /opt/codeql/javascript/tools/data/externs/web/w3c_event3.js
[2023-07-04 12:02:44] [build-stdout] Done extracting /opt/codeql/javascript/tools/data/externs/web/ie_dom.js (245 ms)
[2023-07-04 12:02:44] [build-stdout] Extracting /opt/codeql/javascript/tools/data/externs/web/webgl.js
[2023-07-04 12:02:44] [build-stdout] Done extracting /opt/codeql/javascript/tools/data/externs/web/w3c_permissions.js (22 ms)
[2023-07-04 12:02:44] [build-stdout] Extracting /opt/codeql/javascript/tools/data/externs/web/w3c_serviceworker.js
[2023-07-04 12:02:44] [build-stdout] Done extracting /opt/codeql/javascript/tools/data/externs/web/w3c_event3.js (15 ms)
[2023-07-04 12:02:44] [build-stdout] Extracting /opt/codeql/javascript/tools/data/externs/web/w3c_pointer_events.js
[2023-07-04 12:02:44] [build-stdout] Done extracting /opt/codeql/javascript/tools/data/externs/web/w3c_pointer_events.js (10 ms)
[2023-07-04 12:02:44] [build-stdout] Extracting /opt/codeql/javascript/tools/data/externs/web/gecko_xml.js
[2023-07-04 12:02:44] [build-stdout] Done extracting /opt/codeql/javascript/tools/data/externs/web/gecko_xml.js (6 ms)
[2023-07-04 12:02:44] [build-stdout] Extracting /opt/codeql/javascript/tools/data/externs/web/w3c_indexeddb.js
[2023-07-04 12:02:44] [build-stdout] Done extracting /opt/codeql/javascript/tools/data/externs/web/w3c_rtc.js (391 ms)
[2023-07-04 12:02:44] [build-stdout] Extracting /opt/codeql/javascript/tools/data/externs/web/w3c_encoding.js
[2023-07-04 12:02:44] [build-stdout] Done extracting /opt/codeql/javascript/tools/data/externs/web/w3c_encoding.js (13 ms)
[2023-07-04 12:02:44] [build-stdout] Extracting /opt/codeql/javascript/tools/data/externs/web/w3c_batterystatus.js
[2023-07-04 12:02:44] [build-stdout] Done extracting /opt/codeql/javascript/tools/data/externs/web/w3c_batterystatus.js (20 ms)
[2023-07-04 12:02:44] [build-stdout] Extracting /opt/codeql/javascript/tools/data/externs/web/html5.js
[2023-07-04 12:02:44] [build-stdout] Done extracting /opt/codeql/javascript/tools/data/externs/web/w3c_serviceworker.js (119 ms)
[2023-07-04 12:02:45] [build-stdout] Extracting /opt/codeql/javascript/tools/data/externs/web/w3c_navigation_timing.js
[2023-07-04 12:02:45] [build-stdout] Done extracting /opt/codeql/javascript/tools/data/externs/web/w3c_navigation_timing.js (56 ms)
[2023-07-04 12:02:45] [build-stdout] Done extracting /opt/codeql/javascript/tools/data/externs/web/w3c_indexeddb.js (143 ms)
[2023-07-04 12:02:45] [build-stdout] Extracting /opt/codeql/javascript/tools/data/externs/web/webkit_event.js
[2023-07-04 12:02:45] [build-stdout] Done extracting /opt/codeql/javascript/tools/data/externs/web/webkit_event.js (4 ms)
[2023-07-04 12:02:45] [build-stdout] Extracting /opt/codeql/javascript/tools/data/externs/web/webkit_dom.js
[2023-07-04 12:02:45] [build-stdout] Extracting /opt/codeql/javascript/tools/data/externs/web/w3c_anim_timing.js
[2023-07-04 12:02:45] [build-stdout] Done extracting /opt/codeql/javascript/tools/data/externs/web/w3c_anim_timing.js (19 ms)
[2023-07-04 12:02:45] [build-stdout] Extracting /opt/codeql/javascript/tools/data/externs/web/w3c_xml.js
[2023-07-04 12:02:45] [build-stdout] Done extracting /opt/codeql/javascript/tools/data/externs/web/webkit_dom.js (51 ms)
[2023-07-04 12:02:45] [build-stdout] Extracting /opt/codeql/javascript/tools/data/externs/web/w3c_webcrypto.js
[2023-07-04 12:02:45] [build-stdout] Done extracting /opt/codeql/javascript/tools/data/externs/web/w3c_xml.js (66 ms)
[2023-07-04 12:02:45] [build-stdout] Extracting /opt/codeql/javascript/tools/data/externs/web/w3c_midi.js
[2023-07-04 12:02:45] [build-stdout] Done extracting /opt/codeql/javascript/tools/data/externs/web/w3c_webcrypto.js (70 ms)
[2023-07-04 12:02:45] [build-stdout] Extracting /opt/codeql/javascript/tools/data/externs/web/w3c_css.js
[2023-07-04 12:02:45] [build-stdout] Done extracting /opt/codeql/javascript/tools/data/externs/web/w3c_midi.js (56 ms)
[2023-07-04 12:02:45] [build-stdout] Extracting /opt/codeql/javascript/tools/data/externs/web/window.js
[2023-07-04 12:02:45] [build-stdout] Done extracting /opt/codeql/javascript/tools/data/externs/web/window.js (24 ms)
[2023-07-04 12:02:45] [build-stdout] Extracting /opt/codeql/javascript/tools/data/externs/web/fetchapi.js
[2023-07-04 12:02:45] [build-stdout] Done extracting /opt/codeql/javascript/tools/data/externs/web/fetchapi.js (90 ms)
[2023-07-04 12:02:45] [build-stdout] Extracting /opt/codeql/javascript/tools/data/externs/web/intl.js
[2023-07-04 12:02:45] [build-stdout] Done extracting /opt/codeql/javascript/tools/data/externs/web/intl.js (53 ms)
[2023-07-04 12:02:45] [build-stdout] Extracting /opt/codeql/javascript/tools/data/externs/web/w3c_dom4.js
[2023-07-04 12:02:45] [build-stdout] Done extracting /opt/codeql/javascript/tools/data/externs/web/w3c_dom4.js (5 ms)
[2023-07-04 12:02:45] [build-stdout] Extracting /opt/codeql/javascript/tools/data/externs/web/w3c_event.js
[2023-07-04 12:02:45] [build-stdout] Done extracting /opt/codeql/javascript/tools/data/externs/web/w3c_css.js (295 ms)
[2023-07-04 12:02:45] [build-stdout] Extracting /opt/codeql/javascript/tools/data/externs/web/w3c_gamepad.js
[2023-07-04 12:02:45] [build-stdout] Done extracting /opt/codeql/javascript/tools/data/externs/web/w3c_gamepad.js (10 ms)
[2023-07-04 12:02:45] [build-stdout] Extracting /opt/codeql/javascript/tools/data/externs/web/iphone.js
[2023-07-04 12:02:45] [build-stdout] Done extracting /opt/codeql/javascript/tools/data/externs/web/iphone.js (22 ms)
[2023-07-04 12:02:45] [build-stdout] Extracting /opt/codeql/javascript/tools/data/externs/web/w3c_dom1.js
[2023-07-04 12:02:45] [build-stdout] Done extracting /opt/codeql/javascript/tools/data/externs/web/w3c_event.js (114 ms)
[2023-07-04 12:02:45] [build-stdout] Extracting /opt/codeql/javascript/tools/data/externs/web/w3c_geolocation.js
[2023-07-04 12:02:45] [build-stdout] Done extracting /opt/codeql/javascript/tools/data/externs/web/webgl.js (669 ms)
[2023-07-04 12:02:45] [build-stdout] Extracting /opt/codeql/javascript/tools/data/externs/web/webkit_css.js
[2023-07-04 12:02:45] [build-stdout] Done extracting /opt/codeql/javascript/tools/data/externs/web/w3c_geolocation.js (32 ms)
[2023-07-04 12:02:45] [build-stdout] Extracting /opt/codeql/javascript/tools/data/externs/web/url.js
[2023-07-04 12:02:45] [build-stdout] Done extracting /opt/codeql/javascript/tools/data/externs/web/url.js (25 ms)
[2023-07-04 12:02:45] [build-stdout] Extracting /opt/codeql/javascript/tools/data/externs/web/webstorage.js
[2023-07-04 12:02:45] [build-stdout] Done extracting /opt/codeql/javascript/tools/data/externs/web/w3c_dom1.js (100 ms)
[2023-07-04 12:02:45] [build-stdout] Extracting /opt/codeql/javascript/tools/data/externs/web/w3c_requestidlecallback.js
[2023-07-04 12:02:45] [build-stdout] Done extracting /opt/codeql/javascript/tools/data/externs/web/webstorage.js (23 ms)
[2023-07-04 12:02:45] [build-stdout] Extracting /opt/codeql/javascript/tools/data/externs/web/w3c_dom2.js
[2023-07-04 12:02:45] [build-stdout] Done extracting /opt/codeql/javascript/tools/data/externs/web/w3c_requestidlecallback.js (5 ms)
[2023-07-04 12:02:45] [build-stdout] Extracting /opt/codeql/javascript/tools/data/externs/web/ie_event.js
[2023-07-04 12:02:45] [build-stdout] Done extracting /opt/codeql/javascript/tools/data/externs/web/ie_event.js (81 ms)
[2023-07-04 12:02:45] [build-stdout] Extracting /opt/codeql/javascript/tools/data/externs/lib/bdd.js
[2023-07-04 12:02:45] [build-stdout] Done extracting /opt/codeql/javascript/tools/data/externs/web/html5.js (770 ms)
[2023-07-04 12:02:45] [build-stdout] Extracting /opt/codeql/javascript/tools/data/externs/lib/should.js
[2023-07-04 12:02:45] [build-stdout] Done extracting /opt/codeql/javascript/tools/data/externs/lib/bdd.js (12 ms)
[2023-07-04 12:02:45] [build-stdout] Extracting /opt/codeql/javascript/tools/data/externs/lib/vows.js
[2023-07-04 12:02:45] [build-stdout] Done extracting /opt/codeql/javascript/tools/data/externs/lib/vows.js (38 ms)
[2023-07-04 12:02:45] [build-stdout] Extracting /opt/codeql/javascript/tools/data/externs/lib/jquery-3.2.js
[2023-07-04 12:02:45] [build-stdout] Done extracting /opt/codeql/javascript/tools/data/externs/lib/should.js (67 ms)
[2023-07-04 12:02:45] [build-stdout] Extracting /opt/codeql/javascript/tools/data/externs/es/es2017.js
[2023-07-04 12:02:45] [build-stdout] Done extracting /opt/codeql/javascript/tools/data/externs/es/es2017.js (6 ms)
[2023-07-04 12:02:45] [build-stdout] Extracting /opt/codeql/javascript/tools/data/externs/es/es2016.js
[2023-07-04 12:02:45] [build-stdout] Done extracting /opt/codeql/javascript/tools/data/externs/es/es2016.js (5 ms)
[2023-07-04 12:02:45] [build-stdout] Extracting /opt/codeql/javascript/tools/data/externs/es/proxy.js
[2023-07-04 12:02:45] [build-stdout] Done extracting /opt/codeql/javascript/tools/data/externs/es/proxy.js (2 ms)
[2023-07-04 12:02:45] [build-stdout] Extracting /opt/codeql/javascript/tools/data/externs/es/es6_collections.js
[2023-07-04 12:02:45] [build-stdout] Done extracting /opt/codeql/javascript/tools/data/externs/web/webkit_css.js (274 ms)
[2023-07-04 12:02:45] [build-stdout] Extracting /opt/codeql/javascript/tools/data/externs/es/intl.js
[2023-07-04 12:02:45] [build-stdout] Done extracting /opt/codeql/javascript/tools/data/externs/es/es6_collections.js (18 ms)
[2023-07-04 12:02:45] [build-stdout] Extracting /opt/codeql/javascript/tools/data/externs/es/es6.js
[2023-07-04 12:02:45] [build-stdout] Done extracting /opt/codeql/javascript/tools/data/externs/es/intl.js (43 ms)
[2023-07-04 12:02:45] [build-stdout] Extracting /opt/codeql/javascript/tools/data/externs/es/es3.js
[2023-07-04 12:02:46] [build-stdout] Done extracting /opt/codeql/javascript/tools/data/externs/es/es6.js (232 ms)
[2023-07-04 12:02:46] [build-stdout] Extracting /opt/codeql/javascript/tools/data/externs/es/es5.js
[2023-07-04 12:02:46] [build-stdout] Done extracting /opt/codeql/javascript/tools/data/externs/web/w3c_dom2.js (452 ms)
[2023-07-04 12:02:46] [build-stdout] Extracting /opt/codeql/javascript/tools/data/externs/vm/v8.js
[2023-07-04 12:02:46] [build-stdout] Done extracting /opt/codeql/javascript/tools/data/externs/vm/v8.js (9 ms)
[2023-07-04 12:02:46] [build-stdout] Extracting /opt/codeql/javascript/tools/data/externs/vm/jsshell.js
[2023-07-04 12:02:46] [build-stdout] Done extracting /opt/codeql/javascript/tools/data/externs/es/es5.js (44 ms)
[2023-07-04 12:02:46] [build-stdout] Extracting /opt/codeql/javascript/tools/data/externs/vm/rhino.js
[2023-07-04 12:02:46] [build-stdout] Done extracting /opt/codeql/javascript/tools/data/externs/vm/rhino.js (7 ms)
[2023-07-04 12:02:46] [build-stdout] Extracting /opt/codeql/javascript/tools/data/externs/vm/spidermonkey.js
[2023-07-04 12:02:46] [build-stdout] Done extracting /opt/codeql/javascript/tools/data/externs/vm/spidermonkey.js (4 ms)
[2023-07-04 12:02:46] [build-stdout] Extracting /opt/codeql/javascript/tools/data/externs/nodejs/https.js
[2023-07-04 12:02:46] [build-stdout] Done extracting /opt/codeql/javascript/tools/data/externs/nodejs/https.js (44 ms)
[2023-07-04 12:02:46] [build-stdout] Extracting /opt/codeql/javascript/tools/data/externs/nodejs/dns.js
[2023-07-04 12:02:46] [build-stdout] Done extracting /opt/codeql/javascript/tools/data/externs/es/es3.js (347 ms)
[2023-07-04 12:02:46] [build-stdout] Extracting /opt/codeql/javascript/tools/data/externs/nodejs/v8.js
[2023-07-04 12:02:46] [build-stdout] Done extracting /opt/codeql/javascript/tools/data/externs/nodejs/v8.js (11 ms)
[2023-07-04 12:02:46] [build-stdout] Extracting /opt/codeql/javascript/tools/data/externs/nodejs/globals.js
[2023-07-04 12:02:46] [build-stdout] Done extracting /opt/codeql/javascript/tools/data/externs/vm/jsshell.js (134 ms)
[2023-07-04 12:02:46] [build-stdout] Done extracting /opt/codeql/javascript/tools/data/externs/nodejs/dns.js (55 ms)
[2023-07-04 12:02:46] [build-stdout] Extracting /opt/codeql/javascript/tools/data/externs/nodejs/domain.js
[2023-07-04 12:02:46] [build-stdout] Extracting /opt/codeql/javascript/tools/data/externs/nodejs/net.js
[2023-07-04 12:02:46] [build-stdout] Done extracting /opt/codeql/javascript/tools/data/externs/lib/jquery-3.2.js (497 ms)
[2023-07-04 12:02:46] [build-stdout] Extracting /opt/codeql/javascript/tools/data/externs/nodejs/timers.js
[2023-07-04 12:02:46] [build-stdout] Done extracting /opt/codeql/javascript/tools/data/externs/nodejs/domain.js (14 ms)
[2023-07-04 12:02:46] [build-stdout] Extracting /opt/codeql/javascript/tools/data/externs/nodejs/tls.js
[2023-07-04 12:02:46] [build-stdout] Done extracting /opt/codeql/javascript/tools/data/externs/nodejs/timers.js (30 ms)
[2023-07-04 12:02:46] [build-stdout] Extracting /opt/codeql/javascript/tools/data/externs/nodejs/stream.js
[2023-07-04 12:02:46] [build-stdout] Done extracting /opt/codeql/javascript/tools/data/externs/nodejs/net.js (102 ms)
[2023-07-04 12:02:46] [build-stdout] Extracting /opt/codeql/javascript/tools/data/externs/nodejs/repl.js
[2023-07-04 12:02:46] [build-stdout] Done extracting /opt/codeql/javascript/tools/data/externs/nodejs/repl.js (23 ms)
[2023-07-04 12:02:46] [build-stdout] Extracting /opt/codeql/javascript/tools/data/externs/nodejs/zlib.js
[2023-07-04 12:02:46] [build-stdout] Done extracting /opt/codeql/javascript/tools/data/externs/nodejs/tls.js (122 ms)
[2023-07-04 12:02:46] [build-stdout] Extracting /opt/codeql/javascript/tools/data/externs/nodejs/readline.js
[2023-07-04 12:02:46] [build-stdout] Done extracting /opt/codeql/javascript/tools/data/externs/nodejs/stream.js (103 ms)
[2023-07-04 12:02:46] [build-stdout] Extracting /opt/codeql/javascript/tools/data/externs/nodejs/crypto.js
[2023-07-04 12:02:46] [build-stdout] Done extracting /opt/codeql/javascript/tools/data/externs/nodejs/readline.js (52 ms)
[2023-07-04 12:02:46] [build-stdout] Extracting /opt/codeql/javascript/tools/data/externs/nodejs/module.js
[2023-07-04 12:02:46] [build-stdout] Done extracting /opt/codeql/javascript/tools/data/externs/nodejs/module.js (23 ms)
[2023-07-04 12:02:46] [build-stdout] Extracting /opt/codeql/javascript/tools/data/externs/nodejs/punycode.js
[2023-07-04 12:02:46] [build-stdout] Done extracting /opt/codeql/javascript/tools/data/externs/nodejs/zlib.js (90 ms)
[2023-07-04 12:02:46] [build-stdout] Extracting /opt/codeql/javascript/tools/data/externs/nodejs/vm.js
[2023-07-04 12:02:46] [build-stdout] Done extracting /opt/codeql/javascript/tools/data/externs/nodejs/punycode.js (8 ms)
[2023-07-04 12:02:46] [build-stdout] Extracting /opt/codeql/javascript/tools/data/externs/nodejs/util.js
[2023-07-04 12:02:46] [build-stdout] Done extracting /opt/codeql/javascript/tools/data/externs/nodejs/util.js (29 ms)
[2023-07-04 12:02:46] [build-stdout] Extracting /opt/codeql/javascript/tools/data/externs/nodejs/http.js
[2023-07-04 12:02:46] [build-stdout] Done extracting /opt/codeql/javascript/tools/data/externs/nodejs/vm.js (58 ms)
[2023-07-04 12:02:46] [build-stdout] Extracting /opt/codeql/javascript/tools/data/externs/nodejs/path.js
[2023-07-04 12:02:46] [build-stdout] Done extracting /opt/codeql/javascript/tools/data/externs/nodejs/crypto.js (173 ms)
[2023-07-04 12:02:46] [build-stdout] Extracting /opt/codeql/javascript/tools/data/externs/nodejs/buffer.js
[2023-07-04 12:02:46] [build-stdout] Done extracting /opt/codeql/javascript/tools/data/externs/nodejs/buffer.js (18 ms)
[2023-07-04 12:02:46] [build-stdout] Extracting /opt/codeql/javascript/tools/data/externs/nodejs/string_decoder.js
[2023-07-04 12:02:46] [build-stdout] Done extracting /opt/codeql/javascript/tools/data/externs/nodejs/string_decoder.js (8 ms)
[2023-07-04 12:02:46] [build-stdout] Extracting /opt/codeql/javascript/tools/data/externs/nodejs/assert.js
[2023-07-04 12:02:46] [build-stdout] Done extracting /opt/codeql/javascript/tools/data/externs/nodejs/path.js (81 ms)
[2023-07-04 12:02:46] [build-stdout] Extracting /opt/codeql/javascript/tools/data/externs/nodejs/fs.js
[2023-07-04 12:02:46] [build-stdout] Done extracting /opt/codeql/javascript/tools/data/externs/nodejs/assert.js (21 ms)
[2023-07-04 12:02:46] [build-stdout] Extracting /opt/codeql/javascript/tools/data/externs/nodejs/console.js
[2023-07-04 12:02:46] [build-stdout] Done extracting /opt/codeql/javascript/tools/data/externs/nodejs/globals.js (394 ms)
[2023-07-04 12:02:46] [build-stdout] Done extracting /opt/codeql/javascript/tools/data/externs/nodejs/console.js (4 ms)
[2023-07-04 12:02:46] [build-stdout] Extracting /opt/codeql/javascript/tools/data/externs/nodejs/events.js
[2023-07-04 12:02:46] [build-stdout] Extracting /opt/codeql/javascript/tools/data/externs/nodejs/process.js
[2023-07-04 12:02:46] [build-stdout] Done extracting /opt/codeql/javascript/tools/data/externs/nodejs/process.js (4 ms)
[2023-07-04 12:02:46] [build-stdout] Extracting /opt/codeql/javascript/tools/data/externs/nodejs/tty.js
[2023-07-04 12:02:46] [build-stdout] Done extracting /opt/codeql/javascript/tools/data/externs/nodejs/tty.js (19 ms)
[2023-07-04 12:02:46] [build-stdout] Extracting /opt/codeql/javascript/tools/data/externs/nodejs/cluster.js
[2023-07-04 12:02:46] [build-stdout] Done extracting /opt/codeql/javascript/tools/data/externs/nodejs/http.js (152 ms)
[2023-07-04 12:02:46] [build-stdout] Extracting /opt/codeql/javascript/tools/data/externs/nodejs/assert_legacy.js
[2023-07-04 12:02:46] [build-stdout] Done extracting /opt/codeql/javascript/tools/data/externs/nodejs/assert_legacy.js (4 ms)
[2023-07-04 12:02:46] [build-stdout] Extracting /opt/codeql/javascript/tools/data/externs/nodejs/os.js
[2023-07-04 12:02:46] [build-stdout] Done extracting /opt/codeql/javascript/tools/data/externs/nodejs/events.js (39 ms)
[2023-07-04 12:02:46] [build-stdout] Extracting /opt/codeql/javascript/tools/data/externs/nodejs/sys.js
[2023-07-04 12:02:46] [build-stdout] Done extracting /opt/codeql/javascript/tools/data/externs/nodejs/sys.js (3 ms)
[2023-07-04 12:02:46] [build-stdout] Extracting /opt/codeql/javascript/tools/data/externs/nodejs/constants.js
[2023-07-04 12:02:46] [build-stdout] Done extracting /opt/codeql/javascript/tools/data/externs/nodejs/os.js (69 ms)
[2023-07-04 12:02:46] [build-stdout] Extracting /opt/codeql/javascript/tools/data/externs/nodejs/child_process.js
[2023-07-04 12:02:46] [build-stdout] Done extracting /opt/codeql/javascript/tools/data/externs/nodejs/cluster.js (122 ms)
[2023-07-04 12:02:46] [build-stdout] Extracting /opt/codeql/javascript/tools/data/externs/nodejs/querystring.js
[2023-07-04 12:02:46] [build-stdout] Done extracting /opt/codeql/javascript/tools/data/externs/nodejs/querystring.js (13 ms)
[2023-07-04 12:02:46] [build-stdout] Extracting /opt/codeql/javascript/tools/data/externs/nodejs/url.js
[2023-07-04 12:02:46] [build-stdout] Done extracting /opt/codeql/javascript/tools/data/externs/nodejs/url.js (13 ms)
[2023-07-04 12:02:46] [build-stdout] Extracting /opt/codeql/javascript/tools/data/externs/nodejs/dgram.js
[2023-07-04 12:02:46] [build-stdout] Done extracting /opt/codeql/javascript/tools/data/externs/nodejs/dgram.js (28 ms)
[2023-07-04 12:02:46] [build-stdout] Done extracting /opt/codeql/javascript/tools/data/externs/nodejs/fs.js (285 ms)
[2023-07-04 12:02:46] [build-stdout] Done extracting /opt/codeql/javascript/tools/data/externs/nodejs/child_process.js (169 ms)
[2023-07-04 12:02:46] [build-stdout] Done extracting /opt/codeql/javascript/tools/data/externs/nodejs/constants.js (249 ms)
Finalizing database at /opt/src/npm/left-pad/1.3.0/tool-codeql-db-installed.
Successfully created database at /opt/src/npm/left-pad/1.3.0/tool-codeql-db-installed.
/opt/src/npm/left-pad/1.3.0/tool-codeql-db-installed/db-javascript is up to date.
Creating bundle metadata for /opt/src/npm/left-pad/1.3.0/tool-codeql-db-installed...
Creating zip file at /opt/result/tool-codeql-db-installed.zip.
Analysis produced the following diagnostic data:

|          Diagnostic          |  Summary   |
+------------------------------+------------+
| Successfully extracted files | 11 results |

Analysis produced the following metric data:

|                                   Metric                                   | Value |
+----------------------------------------------------------------------------+-------+
| Total lines of JavaScript and TypeScript code in the database              |   163 |
| Total lines of user written JavaScript and TypeScript code in the database |   163 |

